{"level":"error","message":"Unhandled Crash:  Crash","stack":"Error: Crash\n    at Object.<anonymous> (/Users/anton/Documents/WebstormProjects/vidly/index.js:42:7)\n    at Module._compile (node:internal/modules/cjs/loader:1734:14)\n    at Object..js (node:internal/modules/cjs/loader:1899:10)\n    at Module.load (node:internal/modules/cjs/loader:1469:32)\n    at Module._load (node:internal/modules/cjs/loader:1286:12)\n    at TracingChannel.traceSync (node:diagnostics_channel:322:14)\n    at wrapModuleLoad (node:internal/modules/cjs/loader:235:24)\n    at Module.executeUserEntryPoint [as runMain] (node:internal/modules/run_main:152:5)\n    at node:internal/main/run_main_module:33:47","timestamp":"2025-06-10T20:03:28.930Z"}
{"level":"info","message":"Listening on port 3000","timestamp":"2025-06-10T20:40:18.997Z"}
{"level":"info","message":"Connected to MongoDB...","timestamp":"2025-06-10T20:40:19.008Z"}
{"level":"info","message":"Listening on port 3000","timestamp":"2025-06-10T20:40:55.605Z"}
{"level":"info","message":"Connected to MongoDB...","timestamp":"2025-06-10T20:40:55.616Z"}
{"level":"info","message":"Listening on port 3000","timestamp":"2025-06-10T23:34:33.360Z"}
{"level":"info","message":"Connected to MongoDB...","timestamp":"2025-06-10T23:34:33.370Z"}
{"level":"info","message":"Listening on port 3000","timestamp":"2025-06-10T23:34:54.043Z"}
{"level":"info","message":"Connected to MongoDB...","timestamp":"2025-06-10T23:34:54.055Z"}
{"level":"info","message":"Listening on port 3000","timestamp":"2025-06-10T23:37:06.767Z"}
{"level":"info","message":"Connected to MongoDB...","timestamp":"2025-06-10T23:37:06.780Z"}
{"level":"info","message":"Listening on port 3000","timestamp":"2025-06-10T23:37:19.515Z"}
{"level":"info","message":"Connected to MongoDB...","timestamp":"2025-06-10T23:37:19.527Z"}
{"level":"info","message":"Listening on port 3000","timestamp":"2025-06-10T23:38:00.558Z"}
{"level":"info","message":"Connected to MongoDB...","timestamp":"2025-06-10T23:38:00.567Z"}
{"level":"info","message":"Listening on port 3000","timestamp":"2025-06-10T23:38:41.149Z"}
{"level":"info","message":"Connected to MongoDB...","timestamp":"2025-06-10T23:38:41.157Z"}
{"level":"info","message":"Listening on port 3000","timestamp":"2025-06-10T23:46:23.023Z"}
{"level":"info","message":"Connected to MongoDB...","timestamp":"2025-06-10T23:46:23.035Z"}
{"level":"info","message":"Listening on port 3000","timestamp":"2025-06-11T00:20:40.132Z"}
{"level":"info","message":"Connected to MongoDB...","timestamp":"2025-06-11T00:20:40.144Z"}
{"level":"info","message":"Listening on port 3000","timestamp":"2025-06-11T00:20:48.744Z"}
{"level":"info","message":"Connected to MongoDB...","timestamp":"2025-06-11T00:20:48.756Z"}
{"level":"info","message":"Listening on port 3000","timestamp":"2025-06-11T17:20:28.846Z"}
{"level":"info","message":"Connected to mongodb://localhost/vidly...","timestamp":"2025-06-11T17:20:28.853Z"}
{"level":"info","message":"Listening on port 3000","timestamp":"2025-06-11T17:21:47.446Z"}
{"level":"info","message":"Connected to mongodb://localhost/vidly_tests...","timestamp":"2025-06-11T17:21:47.453Z"}
{"level":"info","message":"Listening on port 3000","timestamp":"2025-06-11T17:21:53.854Z"}
{"level":"info","message":"Connected to mongodb://localhost/vidly...","timestamp":"2025-06-11T17:21:53.862Z"}
{"level":"info","message":"Listening on port 3000","timestamp":"2025-06-11T17:28:29.563Z"}
{"level":"error","message":"Could not get the genres, abort","timestamp":"2025-06-11T17:28:29.572Z"}
{"level":"info","message":"Connected to mongodb://localhost/vidly_tests...","timestamp":"2025-06-11T17:28:29.655Z"}
{"level":"info","message":"Listening on port 3000","timestamp":"2025-06-11T17:28:56.500Z"}
{"level":"error","message":"Could not get the genres, abort","timestamp":"2025-06-11T17:28:56.506Z"}
{"level":"info","message":"Connected to mongodb://localhost/vidly_tests...","timestamp":"2025-06-11T17:28:56.536Z"}
{"level":"info","message":"Listening on port 3000","timestamp":"2025-06-11T17:29:19.622Z"}
{"level":"info","message":"Connected to mongodb://localhost/vidly_tests...","timestamp":"2025-06-11T17:29:19.636Z"}
{"level":"info","message":"Listening on port 3000","timestamp":"2025-06-11T17:30:51.189Z"}
{"level":"info","message":"Connected to mongodb://localhost/vidly_tests...","timestamp":"2025-06-11T17:30:51.207Z"}
{"level":"info","message":"Listening on port 3000","timestamp":"2025-06-11T17:33:00.299Z"}
{"level":"info","message":"Connected to mongodb://localhost/vidly_tests...","timestamp":"2025-06-11T17:33:00.313Z"}
{"level":"info","message":"Listening on port 3000","timestamp":"2025-06-11T17:33:09.019Z"}
{"level":"info","message":"Connected to mongodb://localhost/vidly_tests...","timestamp":"2025-06-11T17:33:09.034Z"}
{"level":"info","message":"Listening on port 3000","timestamp":"2025-06-11T17:33:23.866Z"}
{"level":"info","message":"Connected to mongodb://localhost/vidly_tests...","timestamp":"2025-06-11T17:33:23.880Z"}
{"level":"info","message":"Listening on port 3000","timestamp":"2025-06-11T17:33:33.841Z"}
{"level":"info","message":"Connected to mongodb://localhost/vidly_tests...","timestamp":"2025-06-11T17:33:33.856Z"}
{"level":"info","message":"Listening on port 3000","timestamp":"2025-06-11T17:34:11.180Z"}
{"level":"info","message":"Connected to mongodb://localhost/vidly_tests...","timestamp":"2025-06-11T17:34:11.217Z"}
{"level":"info","message":"Listening on port 3000","timestamp":"2025-06-11T17:34:34.675Z"}
{"level":"info","message":"Connected to mongodb://localhost/vidly_tests...","timestamp":"2025-06-11T17:34:34.707Z"}
{"level":"info","message":"Listening on port 3000","timestamp":"2025-06-11T17:36:35.095Z"}
{"level":"info","message":"Connected to mongodb://localhost/vidly_tests...","timestamp":"2025-06-11T17:36:35.128Z"}
{"level":"info","message":"Listening on port 3000","timestamp":"2025-06-11T17:38:17.531Z"}
{"level":"info","message":"Connected to mongodb://localhost/vidly_tests...","timestamp":"2025-06-11T17:38:17.564Z"}
{"level":"info","message":"Listening on port 3000","timestamp":"2025-06-11T17:38:37.530Z"}
{"level":"info","message":"Connected to mongodb://localhost/vidly_tests...","timestamp":"2025-06-11T17:38:37.551Z"}
{"level":"info","message":"Listening on port 3000","timestamp":"2025-06-11T17:38:48.990Z"}
{"level":"info","message":"Connected to mongodb://localhost/vidly_tests...","timestamp":"2025-06-11T17:38:49.012Z"}
{"level":"info","message":"Listening on port 3000","timestamp":"2025-06-11T17:39:23.323Z"}
{"level":"info","message":"Connected to mongodb://localhost/vidly_tests...","timestamp":"2025-06-11T17:39:23.358Z"}
{"level":"info","message":"Listening on port 3000","timestamp":"2025-06-11T17:39:40.428Z"}
{"level":"info","message":"Connected to mongodb://localhost/vidly_tests...","timestamp":"2025-06-11T17:39:40.449Z"}
{"level":"info","message":"Listening on port 3000","timestamp":"2025-06-11T17:40:41.671Z"}
{"level":"info","message":"Connected to mongodb://localhost/vidly_tests...","timestamp":"2025-06-11T17:40:41.705Z"}
{"level":"info","message":"Listening on port 3000","timestamp":"2025-06-11T17:40:45.153Z"}
{"level":"info","message":"Connected to mongodb://localhost/vidly_tests...","timestamp":"2025-06-11T17:40:45.173Z"}
{"level":"info","message":"Listening on port 3000","timestamp":"2025-06-11T17:40:59.681Z"}
{"level":"info","message":"Connected to mongodb://localhost/vidly_tests...","timestamp":"2025-06-11T17:40:59.701Z"}
{"level":"info","message":"Listening on port 3000","timestamp":"2025-06-11T17:41:03.088Z"}
{"level":"info","message":"Connected to mongodb://localhost/vidly_tests...","timestamp":"2025-06-11T17:41:03.108Z"}
{"level":"info","message":"Listening on port 3000","timestamp":"2025-06-11T17:41:11.720Z"}
{"level":"info","message":"Connected to mongodb://localhost/vidly_tests...","timestamp":"2025-06-11T17:41:11.755Z"}
{"level":"info","message":"Listening on port 3000","timestamp":"2025-06-11T23:37:02.738Z"}
{"level":"info","message":"Connected to mongodb://localhost/vidly_tests...","timestamp":"2025-06-11T23:37:02.769Z"}
{"level":"info","message":"Listening on port 3000","timestamp":"2025-06-11T23:37:20.968Z"}
{"level":"info","message":"Connected to mongodb://localhost/vidly_tests...","timestamp":"2025-06-11T23:37:21.008Z"}
{"level":"info","message":"Listening on port 3000","timestamp":"2025-06-12T00:02:16.612Z"}
{"level":"info","message":"Connected to mongodb://localhost/vidly...","timestamp":"2025-06-12T00:02:16.619Z"}
